SF:lib\features\home\domain\entity\home_entity.dart
DA:11,1
DA:20,2
DA:21,1
DA:22,1
DA:23,1
DA:24,1
DA:25,1
DA:26,1
DA:29,0
DA:30,0
DA:31,0
DA:32,0
DA:33,0
DA:34,0
DA:35,0
DA:38,0
DA:39,0
DA:40,0
DA:41,0
DA:42,0
DA:43,0
DA:44,0
DA:45,0
LF:23
LH:8
end_of_record
SF:lib\features\home\domain\use_case\home_use_case.dart
DA:9,0
DA:10,0
DA:11,0
DA:18,0
DA:20,0
DA:21,0
DA:24,0
DA:25,0
LF:8
LH:0
end_of_record
SF:lib\features\home\presentation\viewmodel\home_view_model.dart
DA:7,2
DA:8,1
DA:9,0
DA:15,3
DA:16,1
DA:19,1
DA:20,2
DA:21,2
DA:23,1
DA:24,0
DA:25,4
DA:29,1
DA:30,3
DA:31,2
DA:32,4
DA:34,1
DA:35,0
DA:36,4
LF:18
LH:15
end_of_record
SF:lib\core\failure\failure.dart
DA:5,1
LF:1
LH:1
end_of_record
SF:lib\features\home\domain\repository\home_repository.dart
DA:9,0
DA:10,0
DA:13,0
DA:15,0
LF:4
LH:0
end_of_record
SF:lib\config\constants\api_endpoint.dart
DA:2,0
LF:1
LH:0
end_of_record
SF:lib\core\common\provider\internet_connectivity.dart
DA:8,0
DA:9,0
DA:10,0
DA:14,0
DA:15,0
DA:16,0
DA:17,0
DA:18,0
DA:23,0
DA:24,0
DA:25,0
LF:11
LH:0
end_of_record
SF:lib\core\network\remote\dio_error_interceptor.dart
DA:4,0
DA:6,0
DA:8,0
DA:9,0
DA:10,0
DA:11,0
DA:12,0
DA:13,0
DA:16,0
DA:17,0
DA:18,0
DA:20,0
DA:25,0
DA:26,0
DA:28,0
DA:31,0
LF:16
LH:0
end_of_record
SF:lib\core\network\remote\http_service.dart
DA:8,0
DA:9,0
DA:15,0
DA:17,0
DA:18,0
DA:19,0
DA:20,0
DA:21,0
DA:22,0
DA:23,0
DA:25,0
LF:11
LH:0
end_of_record
SF:lib\core\shared_prefs\user_shared_prefs.dart
DA:7,0
DA:8,0
DA:16,0
DA:18,0
DA:19,0
DA:20,0
DA:22,0
DA:23,0
DA:24,0
DA:32,0
DA:34,0
DA:35,0
DA:36,0
DA:38,0
DA:39,0
DA:40,0
LF:16
LH:0
end_of_record
SF:lib\features\auth\data\data_source\auth_remote_data_source.dart
DA:11,0
DA:12,0
DA:13,0
DA:14,0
DA:21,0
DA:23,0
DA:25,0
DA:27,0
DA:28,0
DA:29,0
DA:30,0
DA:34,0
DA:37,0
DA:38,0
DA:39,0
DA:40,0
DA:44,0
DA:45,0
DA:46,0
DA:47,0
DA:48,0
DA:54,0
DA:59,0
DA:61,0
DA:66,0
DA:68,0
DA:69,0
DA:72,0
DA:73,0
DA:74,0
DA:75,0
DA:79,0
DA:80,0
DA:81,0
DA:82,0
DA:83,0
LF:36
LH:0
end_of_record
SF:lib\features\auth\domain\entity\user_entity.dart
DA:9,1
DA:34,0
DA:35,0
LF:3
LH:1
end_of_record
SF:lib\features\auth\data\repository\auth_remote_repository.dart
DA:12,0
DA:13,0
DA:14,0
DA:21,0
DA:23,0
DA:26,0
DA:29,0
DA:32,0
LF:8
LH:0
end_of_record
SF:lib\features\auth\domain\repository\auth_repository.dart
DA:11,0
DA:12,0
LF:2
LH:0
end_of_record
SF:lib\features\auth\domain\use_case\auth_usecase.dart
DA:11,0
DA:12,0
DA:13,0
DA:20,0
DA:23,0
DA:24,0
DA:27,0
DA:29,0
LF:8
LH:0
end_of_record
SF:lib\features\home\data\data_source\home_remote_data_sources.dart
DA:15,0
DA:16,0
DA:17,0
DA:18,0
DA:19,0
DA:28,0
DA:34,0
DA:36,0
DA:38,0
DA:41,0
DA:44,0
DA:45,0
DA:46,0
DA:47,0
DA:51,0
DA:52,0
DA:53,0
DA:54,0
DA:60,0
DA:62,0
DA:63,0
DA:66,0
DA:67,0
DA:69,0
DA:70,0
DA:71,0
DA:72,0
DA:76,0
DA:77,0
DA:78,0
DA:79,0
LF:31
LH:0
end_of_record
SF:lib\features\home\data\dto\get_all_blogs_dto.dart
DA:13,0
DA:19,0
DA:20,0
DA:22,0
LF:4
LH:0
end_of_record
SF:lib\features\home\data\dto\get_all_blogs_dto.g.dart
DA:9,0
DA:10,0
DA:11,0
DA:12,0
DA:13,0
DA:14,0
DA:15,0
DA:18,0
DA:19,0
DA:20,0
DA:21,0
DA:22,0
LF:12
LH:0
end_of_record
SF:lib\features\home\data\model\home_api_model.dart
DA:10,0
DA:11,0
DA:24,0
DA:33,2
DA:44,0
DA:45,0
DA:46,0
DA:47,0
DA:48,0
DA:49,0
DA:50,0
DA:55,0
DA:56,0
DA:57,0
DA:58,0
DA:59,0
DA:60,0
DA:61,0
DA:65,0
DA:66,0
DA:68,0
DA:69,0
DA:70,0
DA:71,0
DA:72,0
DA:73,0
DA:74,0
DA:75,0
DA:78,0
DA:79,0
DA:81,0
LF:31
LH:1
end_of_record
SF:lib\features\home\data\model\home_api_model.g.dart
DA:9,0
DA:10,0
DA:11,0
DA:12,0
DA:13,0
DA:14,0
DA:15,0
DA:18,0
DA:19,0
DA:20,0
DA:21,0
DA:22,0
DA:23,0
DA:24,0
DA:25,0
LF:15
LH:0
end_of_record
SF:lib\features\home\data\repository\home_remote_impl.dart
DA:10,0
DA:11,0
DA:12,0
DA:19,0
DA:21,0
DA:23,0
DA:26,0
DA:28,0
LF:8
LH:0
end_of_record
SF:lib\features\home\presentation\state\home_state.dart
DA:9,1
DA:15,1
DA:16,1
DA:18,1
DA:22,1
DA:27,1
DA:28,1
DA:29,1
DA:30,1
LF:9
LH:9
end_of_record
SF:lib\features\auth\presentation\viewmodel\auth_view_model.dart
DA:9,2
DA:10,1
DA:11,0
DA:12,0
DA:19,3
DA:21,1
DA:22,3
DA:23,2
DA:24,1
DA:25,4
DA:27,1
DA:29,4
DA:36,1
DA:40,3
DA:41,2
DA:42,1
DA:43,0
DA:44,0
DA:45,0
DA:46,0
DA:48,1
DA:49,3
DA:50,1
LF:23
LH:17
end_of_record
SF:lib\config\router\app_route.dart
DA:11,0
DA:21,0
DA:22,0
DA:23,0
DA:24,0
DA:25,0
DA:26,0
DA:27,0
DA:28,0
DA:29,0
DA:30,0
LF:11
LH:0
end_of_record
SF:lib\features\auth\presentation\view\login.dart
DA:10,1
DA:12,0
DA:13,0
DA:20,0
DA:22,0
DA:24,0
DA:25,0
DA:26,0
DA:28,0
DA:31,0
DA:32,0
DA:33,0
DA:35,0
DA:42,0
DA:44,0
DA:45,0
DA:46,0
DA:49,0
DA:50,0
DA:59,0
DA:64,0
DA:65,0
DA:66,0
DA:67,0
DA:69,0
DA:70,0
DA:90,0
DA:91,0
DA:92,0
DA:93,0
DA:95,0
DA:120,0
DA:123,0
DA:126,0
DA:128,0
DA:129,0
DA:137,0
DA:138,0
DA:139,0
DA:145,0
DA:146,0
DA:151,0
DA:155,0
DA:157,0
DA:158,0
DA:166,0
DA:167,0
DA:168,0
DA:175,0
DA:176,0
DA:183,0
DA:200,0
DA:201,0
DA:202,0
DA:204,0
DA:205,0
DA:206,0
DA:208,0
DA:209,0
DA:213,0
DA:215,0
DA:216,0
DA:236,0
DA:237,0
DA:238,0
DA:241,0
DA:243,0
DA:244,0
LF:68
LH:1
end_of_record
SF:lib\features\auth\presentation\view\signup.dart
DA:11,1
DA:13,0
DA:14,0
DA:23,0
DA:25,0
DA:26,0
DA:27,0
DA:28,0
DA:30,0
DA:33,0
DA:34,0
DA:35,0
DA:41,0
DA:45,0
DA:48,0
DA:51,0
DA:53,0
DA:54,0
DA:55,0
DA:58,0
DA:59,0
DA:67,0
DA:69,0
DA:70,0
DA:71,0
DA:72,0
DA:74,0
DA:75,0
DA:95,0
DA:96,0
DA:97,0
DA:98,0
DA:100,0
DA:125,0
DA:127,0
DA:128,0
DA:137,0
DA:138,0
DA:139,0
DA:145,0
DA:146,0
DA:151,0
DA:155,0
DA:157,0
DA:158,0
DA:167,0
DA:168,0
DA:169,0
DA:175,0
DA:176,0
DA:182,0
DA:186,0
DA:188,0
DA:189,0
DA:198,0
DA:199,0
DA:200,0
DA:207,0
DA:208,0
DA:214,0
DA:252,0
DA:253,0
DA:254,0
DA:257,0
DA:258,0
DA:259,0
DA:260,0
DA:263,0
DA:264,0
DA:265,0
DA:267,0
DA:268,0
DA:269,0
DA:274,0
DA:282,0
DA:284,0
DA:285,0
LF:77
LH:1
end_of_record
SF:lib\features\dashboard\presentation\view\dashboard.dart
DA:11,1
DA:13,0
DA:14,0
DA:27,0
DA:29,0
DA:31,0
DA:32,0
DA:33,0
DA:34,0
DA:35,0
DA:36,0
DA:41,0
DA:44,0
DA:45,0
DA:46,0
DA:47,0
DA:49,0
DA:51,0
DA:52,0
DA:53,0
DA:60,0
DA:80,0
DA:81,0
DA:82,0
DA:83,0
LF:25
LH:1
end_of_record
SF:lib\features\explorer\presentation\view\explorer.dart
DA:4,1
DA:6,0
DA:7,0
DA:18,0
DA:20,0
DA:21,0
DA:22,0
DA:25,0
DA:28,0
DA:29,0
DA:30,0
DA:31,0
DA:32,0
DA:33,0
DA:34,0
DA:49,0
DA:50,0
DA:51,0
DA:52,0
DA:53,0
DA:57,0
DA:58,0
DA:59,0
DA:63,0
DA:64,0
DA:69,0
DA:70,0
DA:71,0
DA:73,0
DA:74,0
DA:75,0
DA:76,0
DA:77,0
DA:78,0
DA:92,0
DA:93,0
DA:94,0
DA:95,0
DA:99,0
DA:101,0
DA:103,0
DA:104,0
DA:105,0
DA:106,0
DA:107,0
DA:108,0
DA:109,0
DA:110,0
DA:111,0
DA:117,0
DA:121,0
DA:122,0
LF:52
LH:1
end_of_record
SF:lib\features\home\presentation\view\home.dart
DA:15,0
DA:21,2
DA:23,0
DA:24,0
DA:59,0
DA:61,0
DA:62,0
DA:63,0
DA:64,0
DA:66,0
DA:67,0
DA:68,0
DA:69,0
DA:70,0
DA:71,0
DA:73,0
DA:75,0
DA:76,0
DA:78,0
DA:79,0
DA:90,0
DA:91,0
DA:92,0
DA:93,0
DA:94,0
DA:95,0
DA:96,0
DA:97,0
DA:100,0
DA:105,0
DA:106,0
DA:115,0
DA:116,0
DA:117,0
DA:118,0
DA:119,0
DA:121,0
DA:122,0
DA:127,0
DA:128,0
DA:129,0
DA:130,0
DA:131,0
DA:134,0
DA:135,0
DA:142,0
DA:143,0
DA:144,0
DA:145,0
DA:146,0
DA:147,0
DA:148,0
DA:152,0
DA:153,0
DA:154,0
DA:155,0
DA:156,0
DA:157,0
DA:158,0
DA:159,0
DA:161,0
DA:167,0
DA:168,0
DA:169,0
DA:170,0
DA:171,0
DA:172,0
DA:173,0
DA:174,0
DA:177,0
DA:178,0
DA:181,0
DA:184,0
DA:188,0
DA:189,0
DA:190,0
DA:191,0
DA:193,0
DA:194,0
DA:195,0
DA:196,0
DA:197,0
DA:198,0
DA:200,0
DA:205,0
DA:206,0
DA:207,0
DA:208,0
DA:211,0
DA:226,0
DA:227,0
DA:228,0
DA:229,0
DA:230,0
DA:231,0
DA:234,0
DA:235,0
DA:236,0
DA:237,0
DA:238,0
DA:239,0
DA:245,0
DA:247,0
DA:249,0
DA:250,0
DA:251,0
DA:252,0
DA:253,0
DA:258,0
DA:260,0
DA:261,0
DA:269,0
DA:270,0
DA:272,0
DA:278,0
DA:281,0
LF:116
LH:1
end_of_record
SF:lib\features\individual\presentation\view\individual_view.dart
DA:4,2
DA:6,0
DA:7,0
DA:11,0
DA:13,0
DA:14,0
DA:15,0
DA:16,0
DA:17,0
DA:18,0
DA:19,0
DA:20,0
DA:21,0
DA:30,0
DA:31,0
DA:33,0
DA:38,0
DA:41,0
DA:42,0
DA:44,0
DA:45,0
DA:50,0
DA:52,0
DA:53,0
DA:59,0
DA:60,0
DA:61,0
DA:65,0
DA:68,0
DA:70,0
DA:71,0
DA:82,0
DA:83,0
DA:84,0
DA:85,0
DA:87,0
DA:110,0
DA:112,0
DA:116,0
DA:118,0
DA:122,0
DA:124,0
LF:42
LH:1
end_of_record
SF:lib\features\profile\presentation\view\profile.dart
DA:8,0
DA:16,1
DA:18,0
DA:19,0
DA:45,0
DA:47,0
DA:48,0
DA:50,0
DA:51,0
DA:52,0
DA:54,0
DA:55,0
DA:56,0
DA:58,0
DA:59,0
DA:60,0
DA:61,0
DA:62,0
DA:67,0
DA:68,0
DA:70,0
DA:71,0
DA:73,0
DA:74,0
DA:79,0
DA:81,0
DA:82,0
DA:92,0
DA:94,0
DA:95,0
DA:96,0
DA:97,0
DA:98,0
DA:100,0
DA:102,0
DA:103,0
DA:104,0
DA:112,0
DA:114,0
DA:115,0
DA:122,0
DA:123,0
DA:124,0
DA:125,0
DA:127,0
DA:129,0
DA:130,0
DA:131,0
DA:139,0
DA:141,0
DA:142,0
DA:149,0
DA:150,0
DA:151,0
DA:152,0
DA:154,0
DA:156,0
DA:157,0
DA:158,0
DA:166,0
DA:168,0
DA:169,0
DA:191,0
DA:192,0
DA:193,0
DA:194,0
DA:195,0
DA:196,0
DA:197,0
DA:199,0
DA:204,0
DA:205,0
DA:214,0
DA:215,0
DA:216,0
DA:217,0
DA:218,0
DA:219,0
DA:220,0
DA:223,0
DA:224,0
DA:230,0
DA:231,0
DA:232,0
DA:233,0
DA:236,0
DA:237,0
DA:238,0
DA:239,0
DA:240,0
DA:241,0
DA:243,0
DA:248,0
DA:249,0
DA:250,0
DA:251,0
DA:254,0
LF:97
LH:1
end_of_record
SF:lib\features\search\presentation\view\search.dart
DA:4,2
DA:6,0
DA:7,0
DA:11,0
LF:4
LH:1
end_of_record
SF:lib\core\common\snackbar\my_snackbar.dart
DA:3,0
DA:8,0
DA:9,0
DA:10,0
LF:4
LH:0
end_of_record
SF:lib\features\auth\presentation\state\auth_state.dart
DA:5,1
DA:10,0
DA:11,0
DA:17,1
DA:21,1
DA:22,0
DA:23,1
DA:27,0
DA:28,0
LF:9
LH:4
end_of_record
